TESTING ==========> ./test_cleanupSupport.py

Running tests...
----------------------------------------------------------------------
Removed 10 files for 0.00MB.
.
----------------------------------------------------------------------
Ran 1 test in 0.023s

OK

Generating XML reports...
TESTING ==========> ./test_condorExe.py

Running tests...
----------------------------------------------------------------------
...
----------------------------------------------------------------------
Ran 3 tests in 2.876s

OK

Generating XML reports...
TESTING ==========> ./test_creation_lib_cWDictFile_DictFile.py

Running tests...
----------------------------------------------------------------------
....................
----------------------------------------------------------------------
Ran 20 tests in 0.075s

OK

Generating XML reports...
TESTING ==========> ./test_creation_lib_cWDictFile_DictFileTwoKeys.py

Running tests...
----------------------------------------------------------------------
.....................
----------------------------------------------------------------------
Ran 21 tests in 0.059s

OK

Generating XML reports...
TESTING ==========> ./test_creation_lib_cWDictFile_DictFileTwoKeys_SubClasses.py

Running tests...
----------------------------------------------------------------------
.....
----------------------------------------------------------------------
Ran 5 tests in 0.010s

OK

Generating XML reports...
TESTING ==========> ./test_creation_lib_cWDictFile_SHADicts.py

Running tests...
----------------------------------------------------------------------
.........
----------------------------------------------------------------------
Ran 9 tests in 0.019s

OK

Generating XML reports...
TESTING ==========> ./test_creation_lib_cWDictFile_validate_node.py

Running tests...
----------------------------------------------------------------------
...
----------------------------------------------------------------------
Ran 3 tests in 0.049s

OK

Generating XML reports...
TESTING ==========> ./test_creation_lib_cgWConsts.py

Running tests...
----------------------------------------------------------------------
.........
----------------------------------------------------------------------
Ran 9 tests in 0.013s

OK

Generating XML reports...
TESTING ==========> ./test_creation_lib_cgWDictFile.py

Running tests...
----------------------------------------------------------------------
SSS.....SSS...SSSSSSSSSSSS..SSSS.S....S.............S.......SSS...
----------------------------------------------------------------------
Ran 66 tests in 4.639s

OK (skipped=28)

Generating XML reports...
TESTING ==========> ./test_creation_lib_cgWParamDict.py

Running tests...
----------------------------------------------------------------------
SSSSSS.........SSSSSSSS
----------------------------------------------------------------------
Ran 23 tests in 4.463s

OK (skipped=14)

Generating XML reports...
TESTING ==========> ./test_creation_lib_cgWParams.py

Running tests...
----------------------------------------------------------------------
..........S
----------------------------------------------------------------------
Ran 11 tests in 0.477s

OK (skipped=1)

Generating XML reports...
Coverage.py warning: Trace function changed, measurement is likely wrong: None (trace-changed)
TESTING ==========> ./test_creation_lib_cvWConsts.py

Running tests...
----------------------------------------------------------------------
.......
----------------------------------------------------------------------
Ran 7 tests in 0.011s

OK

Generating XML reports...
TESTING ==========> ./test_creation_lib_cvWCreate.py

Running tests...
----------------------------------------------------------------------
...
----------------------------------------------------------------------
Ran 3 tests in 2.140s

OK

Generating XML reports...
TESTING ==========> ./test_creation_lib_cvWParamDict.py

Running tests...
----------------------------------------------------------------------
SS..S.SSS....S.SSSSS
----------------------------------------------------------------------
Ran 20 tests in 1.894s

OK (skipped=12)

Generating XML reports...
TESTING ==========> ./test_creation_lib_cvWParams.py

Running tests...
----------------------------------------------------------------------
...................
----------------------------------------------------------------------
Ran 19 tests in 0.710s

OK

Generating XML reports...
Coverage.py warning: Trace function changed, measurement is likely wrong: None (trace-changed)
TESTING ==========> ./test_creation_lib_factoryXmlConfig.py

Running tests...
----------------------------------------------------------------------
...........................
----------------------------------------------------------------------
Ran 27 tests in 6.660s

OK

Generating XML reports...
TESTING ==========> ./test_encodingSupport.py

Running tests...
----------------------------------------------------------------------
.....
----------------------------------------------------------------------
Ran 5 tests in 0.021s

OK

Generating XML reports...
TESTING ==========> ./test_factory_glideFactoryConfig.py

Running tests...
----------------------------------------------------------------------
.................................................+++
......................+++
...
----------------------------------------------------------------------
Ran 14 tests in 0.584s

OK

Generating XML reports...
TESTING ==========> ./test_factory_glideFactoryEntry.py

Running tests...
----------------------------------------------------------------------
S.SS.......SS...SSS.S.SS.SSS.S.S.SSSSSSS
----------------------------------------------------------------------
Ran 40 tests in 2.876s

OK (skipped=23)

Generating XML reports...
TESTING ==========> ./test_factory_glideFactoryLib.py

Running tests...
----------------------------------------------------------------------
SSS.SSSSSSSSSSSSSSSS.........S.........SSSSSSSSSSSSSSS.SSSSSSSSSSSS.SS.
----------------------------------------------------------------------
Ran 71 tests in 0.079s

OK (skipped=49)

Generating XML reports...
TESTING ==========> ./test_frontend.py

Running tests...
----------------------------------------------------------------------
.........................Running glidein ids at ('submit.local', 'Site_Name2@v3_0@factory1', 'frontend@factory1') (total glideins: 3, total jobs 4, cluster matches: 4): glidein_5@cmswn005.local, glidein_2@cmswn002.local, glidein_1@cmswn006.local
Running glidein ids at ('submit.local', 'Site_Name1@v3_0@factory1', 'frontend@factory1') (total glideins: 1, total jobs 1, cluster matches: 1): glidein_1@cmswn001.local
Running glidein ids at ('submit.local', 'Site_Name3@v3_0@factory1', 'frontend@factory1') (total glideins: 0, total jobs 0, cluster matches: 0): 
Running glidein ids at ('submit.local', 'Site_Name2@v3_0@factory1', 'frontend@factory1') (total glideins: 0, total jobs 0, cluster matches: 0): 
Running glidein ids at ('submit.local', 'Site_Name1@v3_0@factory1', 'frontend@factory1') (total glideins: 0, total jobs 0, cluster matches: 0): 
Running glidein ids at ('submit.local', 'Site_Name3@v3_0@factory1', 'frontend@factory1') (total glideins: 0, total jobs 0, cluster matches: 0): 
Running glidein ids at ('submit.local', 'Site_Name2@v3_0@factory1', 'frontend@factory1') (total glideins: 1, total jobs 1, cluster matches: 1): glidein_2@cmswn002.local
Running glidein ids at ('submit.local', 'Site_Name1@v3_0@factory1', 'frontend@factory1') (total glideins: 1, total jobs 1, cluster matches: 1): glidein_1@cmswn001.local
Running glidein ids at ('submit.local', 'Site_Name3@v3_0@factory1', 'frontend@factory1') (total glideins: 0, total jobs 0, cluster matches: 0): 
........
----------------------------------------------------------------------
Ran 33 tests in 8.471s

OK

Generating XML reports...
TESTING ==========> ./test_frontend_element.py

Running tests...
----------------------------------------------------------------------
...
----------------------------------------------------------------------
Ran 3 tests in 1.009s

OK

Generating XML reports...
TESTING ==========> ./test_frontend_glideinFrontendConfig.py

Running tests...
----------------------------------------------------------------------
SSSS...SSSSSSSSSSSSS..S
----------------------------------------------------------------------
Ran 23 tests in 0.082s

OK (skipped=18)

Generating XML reports...
TESTING ==========> ./test_frontend_glideinFrontendElement.py

Running tests...
----------------------------------------------------------------------
S.....S.SSSSSS.S.SSSSSS.SSSS.SSSSSSSS.SSSSSSS
----------------------------------------------------------------------
Ran 45 tests in 0.122s

OK (skipped=34)

Generating XML reports...
TESTING ==========> ./test_glideFactoryDowntimeLib.py

Running tests...
----------------------------------------------------------------------
F....
======================================================================
ERROR [0.142s]: test_downtimesfile (__main__.TestDowntimes)
----------------------------------------------------------------------
Traceback (most recent call last):
  File "./test_glideFactoryDowntimeLib.py", line 62, in test_downtimesfile
    check_time=now + 1))
AssertionError: True is not false

----------------------------------------------------------------------
Ran 5 tests in 0.207s

FAILED (errors=1)

Generating XML reports...
Wed May  8 13:16:25 UTC 2019 ERROR: ./test_glideFactoryDowntimeLib.py failed with non zero exit code (1)
TESTING ==========> ./test_glideinFrontendPlugins.py

Running tests...
----------------------------------------------------------------------
.....
----------------------------------------------------------------------
Ran 5 tests in 0.188s

OK

Generating XML reports...
TESTING ==========> ./test_lib_encodingSupport.py

Running tests...
----------------------------------------------------------------------
....
----------------------------------------------------------------------
Ran 4 tests in 4.098s

OK

Generating XML reports...
TESTING ==========> ./test_lib_exprParser.py

Running tests...
----------------------------------------------------------------------
...
----------------------------------------------------------------------
Ran 3 tests in 0.390s

OK

Generating XML reports...
TESTING ==========> ./test_lib_fork.py

Running tests...
----------------------------------------------------------------------
.............
----------------------------------------------------------------------
Ran 13 tests in 72.258s

OK

Generating XML reports...
TESTING ==========> ./test_lib_pubCrypto.py

Running tests...
----------------------------------------------------------------------
..................................++++++
.............................++++++
............++++++
...............................++++++
................++++++
..................................................................................++++++
.
----------------------------------------------------------------------
Ran 3 tests in 0.162s

OK

Generating XML reports...
TESTING ==========> ./test_lib_servicePerformance.py

Running tests...
----------------------------------------------------------------------
..........
----------------------------------------------------------------------
Ran 10 tests in 0.011s

OK

Generating XML reports...
TESTING ==========> ./test_lib_symCrypto.py

Running tests...
----------------------------------------------------------------------
.......S........
----------------------------------------------------------------------
Ran 16 tests in 8.425s

OK (skipped=1)

Generating XML reports...
TESTING ==========> ./test_lib_timeConversion.py

Running tests...
----------------------------------------------------------------------
................
----------------------------------------------------------------------
Ran 16 tests in 2.516s

OK

Generating XML reports...
TESTING ==========> ./test_lib_x509Support.py

Running tests...
----------------------------------------------------------------------
.
----------------------------------------------------------------------
Ran 1 test in 0.034s

OK

Generating XML reports...
TESTING ==========> ./test_lib_xmlParse.py

Running tests...
----------------------------------------------------------------------
.................
----------------------------------------------------------------------
Ran 17 tests in 0.100s

OK

Generating XML reports...
TESTING ==========> ./test_logSupport.py

Running tests...
----------------------------------------------------------------------
./test_logSupport.py:35: YAMLLoadWarning: calling yaml.load() without Loader=... is deprecated, as the default Loader is unsafe. Please read https://msg.pyyaml.org/load for full details.
  self.config = yaml.load(file(config_file, 'r'))
....
----------------------------------------------------------------------
Ran 4 tests in 576.501s

OK

Generating XML reports...
TESTING ==========> ./test_renew_proxy.py

Running tests...
----------------------------------------------------------------------
...
----------------------------------------------------------------------
Ran 3 tests in 0.004s

OK

Generating XML reports...
TESTING ==========> ./test_tarSupport.py

Running tests...
----------------------------------------------------------------------
..
----------------------------------------------------------------------
Ran 2 tests in 0.041s

OK

Generating XML reports...
TESTING ==========> ./test_util.py

Running tests...
----------------------------------------------------------------------
.
----------------------------------------------------------------------
Ran 1 test in 0.001s

OK

Generating XML reports...
