find: `./fixtures/frontend/ccvd.fixture': No such file or directory
find: `./fixtures/frontend/pipe_out.do_match': No such file or directory
find: `./fixtures/frontend/pipe_out.iterate_one': No such file or directory
find: `./fixtures/frontend/vofrontend/signatures.sha1': No such file or directory
find: `./fixtures/frontend/web-area/stage/description.e98f4o.cfg': No such file or directory
find: `./fixtures/frontend/web-area/stage/file_list.j4j7WK.lst': No such file or directory
find: `./fixtures/frontend/web-area/stage/group_group1/description.e98f4o.cfg': No such file or directory
find: `./fixtures/frontend/web-area/stage/group_group1/nodes.blacklist': No such file or directory
find: `./fixtures/frontend/web-area/stage/group_group1/signature.j4j84x.sha1': No such file or directory
find: `./fixtures/frontend/web-area/stage/signature.j4j84x.sha1': No such file or directory
find: `./test_creation_lib_cvWCreate.py': No such file or directory
find: `./test_frontend_glideinFrontendConfig.py': No such file or directory
find: `./test_frontend_glideinFrontendElement.py': No such file or directory
TESTING ==========> ./test_cleanupSupport.py

Running tests...
----------------------------------------------------------------------
Removed 10 files for 0.00MB.
.
----------------------------------------------------------------------
Ran 1 test in 0.019s

OK

Generating XML reports...
TESTING ==========> ./test_condorExe.py

Running tests...
----------------------------------------------------------------------
...
----------------------------------------------------------------------
Ran 3 tests in 2.991s

OK

Generating XML reports...
TESTING ==========> ./test_creation_lib_cWDictFile_DictFile.py

Running tests...
----------------------------------------------------------------------
....................
----------------------------------------------------------------------
Ran 20 tests in 0.076s

OK

Generating XML reports...
TESTING ==========> ./test_creation_lib_cWDictFile_DictFileTwoKeys.py

Running tests...
----------------------------------------------------------------------
.....................
----------------------------------------------------------------------
Ran 21 tests in 0.072s

OK

Generating XML reports...
TESTING ==========> ./test_creation_lib_cWDictFile_DictFileTwoKeys_SubClasses.py

Running tests...
----------------------------------------------------------------------
.....
----------------------------------------------------------------------
Ran 5 tests in 0.010s

OK

Generating XML reports...
TESTING ==========> ./test_creation_lib_cWDictFile_SHADicts.py

Running tests...
----------------------------------------------------------------------
.........
----------------------------------------------------------------------
Ran 9 tests in 0.020s

OK

Generating XML reports...
TESTING ==========> ./test_creation_lib_cWDictFile_validate_node.py

Running tests...
----------------------------------------------------------------------
...
----------------------------------------------------------------------
Ran 3 tests in 0.065s

OK

Generating XML reports...
TESTING ==========> ./test_creation_lib_cgWConsts.py

Running tests...
----------------------------------------------------------------------
.........
----------------------------------------------------------------------
Ran 9 tests in 0.012s

OK

Generating XML reports...
TESTING ==========> ./test_creation_lib_cgWDictFile.py

Running tests...
----------------------------------------------------------------------
SSS.....SSS...SSSSSSSSSSSS..SSSS.S....S.............S.......SSS...
----------------------------------------------------------------------
Ran 66 tests in 4.831s

OK (skipped=28)

Generating XML reports...
TESTING ==========> ./test_creation_lib_cgWParamDict.py

Running tests...
----------------------------------------------------------------------
SSSSSS.......SSSSSSSS
----------------------------------------------------------------------
Ran 21 tests in 4.657s

OK (skipped=14)

Generating XML reports...
TESTING ==========> ./test_creation_lib_cgWParams.py

Running tests...
----------------------------------------------------------------------
..........S
----------------------------------------------------------------------
Ran 11 tests in 0.693s

OK (skipped=1)

Generating XML reports...
Coverage.py warning: Trace function changed, measurement is likely wrong: None (trace-changed)
TESTING ==========> ./test_creation_lib_cvWConsts.py

Running tests...
----------------------------------------------------------------------
.......
----------------------------------------------------------------------
Ran 7 tests in 0.012s

OK

Generating XML reports...
TESTING ==========> ./test_creation_lib_cvWParamDict.py

Running tests...
----------------------------------------------------------------------
SS..S.SSS....S.SSSSS
----------------------------------------------------------------------
Ran 20 tests in 2.259s

OK (skipped=12)

Generating XML reports...
TESTING ==========> ./test_creation_lib_cvWParams.py

Running tests...
----------------------------------------------------------------------
...................
----------------------------------------------------------------------
Ran 19 tests in 0.874s

OK

Generating XML reports...
Coverage.py warning: Trace function changed, measurement is likely wrong: None (trace-changed)
TESTING ==========> ./test_creation_lib_factoryXmlConfig.py

Running tests...
----------------------------------------------------------------------
...........................
----------------------------------------------------------------------
Ran 27 tests in 9.695s

OK

Generating XML reports...
TESTING ==========> ./test_encodingSupport.py

Running tests...
----------------------------------------------------------------------
.....
----------------------------------------------------------------------
Ran 5 tests in 0.024s

OK

Generating XML reports...
TESTING ==========> ./test_factory_glideFactoryConfig.py

Running tests...
----------------------------------------------------------------------
............+++
.......................................................................................................................+++
...
----------------------------------------------------------------------
Ran 14 tests in 1.468s

OK

Generating XML reports...
TESTING ==========> ./test_factory_glideFactoryEntry.py

Running tests...
----------------------------------------------------------------------
S.SS.......SS...SSS.S.SS.SSS.S.S.SSSSSSS
----------------------------------------------------------------------
Ran 40 tests in 5.775s

OK (skipped=23)

Generating XML reports...
TESTING ==========> ./test_factory_glideFactoryLib.py

Running tests...
----------------------------------------------------------------------
SSS.SSSSSSSSSSSSSSSS.........S.........SSSSSSSSSSSSSSS.SSSSSSSSSSSS.SS.
----------------------------------------------------------------------
Ran 71 tests in 0.181s

OK (skipped=49)

Generating XML reports...
TESTING ==========> ./test_frontend.py

Running tests...
----------------------------------------------------------------------
.........................Running glidein ids at ('submit.local', 'Site_Name2@v3_0@factory1', 'frontend@factory1') (total glideins: 3, total jobs 4, cluster matches: 4): glidein_5@cmswn005.local, glidein_2@cmswn002.local, glidein_1@cmswn006.local
Running glidein ids at ('submit.local', 'Site_Name1@v3_0@factory1', 'frontend@factory1') (total glideins: 1, total jobs 1, cluster matches: 1): glidein_1@cmswn001.local
Running glidein ids at ('submit.local', 'Site_Name3@v3_0@factory1', 'frontend@factory1') (total glideins: 0, total jobs 0, cluster matches: 0): 
Running glidein ids at ('submit.local', 'Site_Name2@v3_0@factory1', 'frontend@factory1') (total glideins: 0, total jobs 0, cluster matches: 0): 
Running glidein ids at ('submit.local', 'Site_Name1@v3_0@factory1', 'frontend@factory1') (total glideins: 0, total jobs 0, cluster matches: 0): 
Running glidein ids at ('submit.local', 'Site_Name3@v3_0@factory1', 'frontend@factory1') (total glideins: 0, total jobs 0, cluster matches: 0): 
Running glidein ids at ('submit.local', 'Site_Name2@v3_0@factory1', 'frontend@factory1') (total glideins: 1, total jobs 1, cluster matches: 1): glidein_2@cmswn002.local
Running glidein ids at ('submit.local', 'Site_Name1@v3_0@factory1', 'frontend@factory1') (total glideins: 1, total jobs 1, cluster matches: 1): glidein_1@cmswn001.local
Running glidein ids at ('submit.local', 'Site_Name3@v3_0@factory1', 'frontend@factory1') (total glideins: 0, total jobs 0, cluster matches: 0): 
........
----------------------------------------------------------------------
Ran 33 tests in 10.777s

OK

Generating XML reports...
TESTING ==========> ./test_frontend_element.py

Running tests...
----------------------------------------------------------------------
..
----------------------------------------------------------------------
Ran 2 tests in 0.127s

OK

Generating XML reports...
TESTING ==========> ./test_glideFactoryDowntimeLib.py

Running tests...
----------------------------------------------------------------------
.....
----------------------------------------------------------------------
Ran 5 tests in 0.183s

OK

Generating XML reports...
TESTING ==========> ./test_glideinFrontendPlugins.py

Running tests...
----------------------------------------------------------------------
.....
----------------------------------------------------------------------
Ran 5 tests in 0.191s

OK

Generating XML reports...
TESTING ==========> ./test_lib_encodingSupport.py

Running tests...
----------------------------------------------------------------------
....
----------------------------------------------------------------------
Ran 4 tests in 4.600s

OK

Generating XML reports...
TESTING ==========> ./test_lib_exprParser.py

Running tests...
----------------------------------------------------------------------
...
----------------------------------------------------------------------
Ran 3 tests in 0.433s

OK

Generating XML reports...
TESTING ==========> ./test_lib_fork.py

Running tests...
----------------------------------------------------------------------
.............
----------------------------------------------------------------------
Ran 13 tests in 72.271s

OK

Generating XML reports...
TESTING ==========> ./test_lib_pubCrypto.py

Running tests...
----------------------------------------------------------------------
.....++++++
...............................++++++
.............................++++++
.....++++++
............................................++++++
...++++++
.
----------------------------------------------------------------------
Ran 3 tests in 0.111s

OK

Generating XML reports...
TESTING ==========> ./test_lib_servicePerformance.py

Running tests...
----------------------------------------------------------------------
..........
----------------------------------------------------------------------
Ran 10 tests in 0.011s

OK

Generating XML reports...
TESTING ==========> ./test_lib_symCrypto.py

Running tests...
----------------------------------------------------------------------
.......S........
----------------------------------------------------------------------
Ran 16 tests in 11.976s

OK (skipped=1)

Generating XML reports...
TESTING ==========> ./test_lib_timeConversion.py

Running tests...
----------------------------------------------------------------------
................
----------------------------------------------------------------------
Ran 16 tests in 3.470s

OK

Generating XML reports...
TESTING ==========> ./test_lib_x509Support.py

Running tests...
----------------------------------------------------------------------
.
----------------------------------------------------------------------
Ran 1 test in 0.039s

OK

Generating XML reports...
TESTING ==========> ./test_lib_xmlParse.py

Running tests...
----------------------------------------------------------------------
.................
----------------------------------------------------------------------
Ran 17 tests in 0.113s

OK

Generating XML reports...
TESTING ==========> ./test_logSupport.py

Running tests...
----------------------------------------------------------------------
./test_logSupport.py:35: YAMLLoadWarning: calling yaml.load() without Loader=... is deprecated, as the default Loader is unsafe. Please read https://msg.pyyaml.org/load for full details.
  self.config = yaml.load(file(config_file, 'r'))
....
----------------------------------------------------------------------
Ran 4 tests in 645.634s

OK

Generating XML reports...
TESTING ==========> ./test_renew_proxy.py

Running tests...
----------------------------------------------------------------------
.EE...
======================================================================
ERROR [0.393s]: test_voms_proxy_init (__main__.TestUtils)
----------------------------------------------------------------------
Traceback (most recent call last):
  File "/test_dir/venv-2.6/lib/python2.6/site-packages/mock/mock.py", line 1297, in patched
    arg = patching.__enter__()
  File "/test_dir/venv-2.6/lib/python2.6/site-packages/mock/mock.py", line 1353, in __enter__
    self.target = self.getter()
  File "/test_dir/venv-2.6/lib/python2.6/site-packages/mock/mock.py", line 1523, in <lambda>
    getter = lambda: _importer(target)
  File "/test_dir/venv-2.6/lib/python2.6/site-packages/mock/mock.py", line 1206, in _importer
    thing = __import__(import_path)
ImportError: No module named frontend

======================================================================
ERROR [0.004s]: test_voms_proxy_init_with_voms (__main__.TestUtils)
----------------------------------------------------------------------
Traceback (most recent call last):
  File "/test_dir/venv-2.6/lib/python2.6/site-packages/mock/mock.py", line 1297, in patched
    arg = patching.__enter__()
  File "/test_dir/venv-2.6/lib/python2.6/site-packages/mock/mock.py", line 1353, in __enter__
    self.target = self.getter()
  File "/test_dir/venv-2.6/lib/python2.6/site-packages/mock/mock.py", line 1523, in <lambda>
    getter = lambda: _importer(target)
  File "/test_dir/venv-2.6/lib/python2.6/site-packages/mock/mock.py", line 1206, in _importer
    thing = __import__(import_path)
ImportError: No module named frontend

----------------------------------------------------------------------
Ran 6 tests in 0.414s

FAILED (errors=2)

Generating XML reports...
Tue May 14 19:28:07 UTC 2019 ERROR: ./test_renew_proxy.py failed with non zero exit code (1)
TESTING ==========> ./test_tarSupport.py

Running tests...
----------------------------------------------------------------------
..
----------------------------------------------------------------------
Ran 2 tests in 0.041s

OK

Generating XML reports...
TESTING ==========> ./test_util.py

Running tests...
----------------------------------------------------------------------
.
----------------------------------------------------------------------
Ran 1 test in 0.002s

OK

Generating XML reports...
No source for code: '/test_dir/glideinwms/unittests/test_creation_lib_cvWCreate.py'.
Aborting report output, consider using -i.
coverage html report failed
