TESTING ==========> ./test_cleanupSupport.py

Running tests...
----------------------------------------------------------------------
Removed 10 files for 0.00MB.
.
----------------------------------------------------------------------
Ran 1 test in 0.024s

OK

Generating XML reports...
TESTING ==========> ./test_condorExe.py

Running tests...
----------------------------------------------------------------------
...
----------------------------------------------------------------------
Ran 3 tests in 2.715s

OK

Generating XML reports...
TESTING ==========> ./test_creation_lib_cWDictFile_DictFile.py

Running tests...
----------------------------------------------------------------------
....................
----------------------------------------------------------------------
Ran 20 tests in 0.067s

OK

Generating XML reports...
TESTING ==========> ./test_creation_lib_cWDictFile_DictFileTwoKeys.py

Running tests...
----------------------------------------------------------------------
.....................
----------------------------------------------------------------------
Ran 21 tests in 0.059s

OK

Generating XML reports...
TESTING ==========> ./test_creation_lib_cWDictFile_DictFileTwoKeys_SubClasses.py

Running tests...
----------------------------------------------------------------------
.....
----------------------------------------------------------------------
Ran 5 tests in 0.009s

OK

Generating XML reports...
TESTING ==========> ./test_creation_lib_cWDictFile_validate_node.py

Running tests...
----------------------------------------------------------------------
...
----------------------------------------------------------------------
Ran 3 tests in 0.060s

OK

Generating XML reports...
TESTING ==========> ./test_creation_lib_cgWConsts.py

Running tests...
----------------------------------------------------------------------
.........
----------------------------------------------------------------------
Ran 9 tests in 0.011s

OK

Generating XML reports...
TESTING ==========> ./test_creation_lib_cgWDictFile.py

Running tests...
----------------------------------------------------------------------
SSS.....SSS...SSSSSSSSSSSS..SSSS.S....S.............S.......SSS...
----------------------------------------------------------------------
Ran 66 tests in 3.836s

OK (skipped=28)

Generating XML reports...
TESTING ==========> ./test_creation_lib_cgWParams.py

Running tests...
----------------------------------------------------------------------
..........S
----------------------------------------------------------------------
Ran 11 tests in 0.424s

OK (skipped=1)

Generating XML reports...
Coverage.py warning: Trace function changed, measurement is likely wrong: None (trace-changed)
TESTING ==========> ./test_creation_lib_cvWConsts.py

Running tests...
----------------------------------------------------------------------
.......
----------------------------------------------------------------------
Ran 7 tests in 0.008s

OK

Generating XML reports...
TESTING ==========> ./test_creation_lib_cvWParamDict.py

Running tests...
----------------------------------------------------------------------
SS..S.SSS....S.SSSSS
----------------------------------------------------------------------
Ran 20 tests in 1.641s

OK (skipped=12)

Generating XML reports...
TESTING ==========> ./test_creation_lib_cvWParams.py

Running tests...
----------------------------------------------------------------------
...................
----------------------------------------------------------------------
Ran 19 tests in 0.572s

OK

Generating XML reports...
Coverage.py warning: Trace function changed, measurement is likely wrong: None (trace-changed)
TESTING ==========> ./test_creation_lib_factoryXmlConfig.py

Running tests...
----------------------------------------------------------------------
...........................
----------------------------------------------------------------------
Ran 27 tests in 5.751s

OK

Generating XML reports...
TESTING ==========> ./test_encodingSupport.py

Running tests...
----------------------------------------------------------------------
.....
----------------------------------------------------------------------
Ran 5 tests in 0.018s

OK

Generating XML reports...
TESTING ==========> ./test_factory_glideFactoryConfig.py

Running tests...
----------------------------------------------------------------------
..............+++
......................+++
...
----------------------------------------------------------------------
Ran 14 tests in 0.684s

OK

Generating XML reports...
TESTING ==========> ./test_factory_glideFactoryEntry.py

Running tests...
----------------------------------------------------------------------
S.SS.......SS...SSS.S.SS.SSS.S.S.SSSSSSS
----------------------------------------------------------------------
Ran 40 tests in 3.040s

OK (skipped=23)

Generating XML reports...
TESTING ==========> ./test_factory_glideFactoryLib.py

Running tests...
----------------------------------------------------------------------
SSS.SSSSSSSSSSSSSSSS.........S.........SSSSSSSSSSSSSSS.SSSSSSSSSSSS.SS.
----------------------------------------------------------------------
Ran 71 tests in 0.072s

OK (skipped=49)

Generating XML reports...
TESTING ==========> ./test_frontend.py

Running tests...
----------------------------------------------------------------------
.........................Running glidein ids at ('submit.local', 'Site_Name2@v3_0@factory1', 'frontend@factory1') (total glideins: 3, total jobs 4, cluster matches: 4): glidein_5@cmswn005.local, glidein_2@cmswn002.local, glidein_1@cmswn006.local
Running glidein ids at ('submit.local', 'Site_Name1@v3_0@factory1', 'frontend@factory1') (total glideins: 1, total jobs 1, cluster matches: 1): glidein_1@cmswn001.local
Running glidein ids at ('submit.local', 'Site_Name3@v3_0@factory1', 'frontend@factory1') (total glideins: 0, total jobs 0, cluster matches: 0): 
Running glidein ids at ('submit.local', 'Site_Name2@v3_0@factory1', 'frontend@factory1') (total glideins: 0, total jobs 0, cluster matches: 0): 
Running glidein ids at ('submit.local', 'Site_Name1@v3_0@factory1', 'frontend@factory1') (total glideins: 0, total jobs 0, cluster matches: 0): 
Running glidein ids at ('submit.local', 'Site_Name3@v3_0@factory1', 'frontend@factory1') (total glideins: 0, total jobs 0, cluster matches: 0): 
Running glidein ids at ('submit.local', 'Site_Name2@v3_0@factory1', 'frontend@factory1') (total glideins: 1, total jobs 1, cluster matches: 1): glidein_2@cmswn002.local
Running glidein ids at ('submit.local', 'Site_Name1@v3_0@factory1', 'frontend@factory1') (total glideins: 1, total jobs 1, cluster matches: 1): glidein_1@cmswn001.local
Running glidein ids at ('submit.local', 'Site_Name3@v3_0@factory1', 'frontend@factory1') (total glideins: 0, total jobs 0, cluster matches: 0): 
........
----------------------------------------------------------------------
Ran 33 tests in 7.570s

OK

Generating XML reports...
TESTING ==========> ./test_glideFactoryDowntimeLib.py

Running tests...
----------------------------------------------------------------------
F....
======================================================================
ERROR [0.160s]: test_downtimesfile (__main__.TestDowntimes)
----------------------------------------------------------------------
Traceback (most recent call last):
  File "./test_glideFactoryDowntimeLib.py", line 62, in test_downtimesfile
    check_time=now + 1))
AssertionError: True is not false

----------------------------------------------------------------------
Ran 5 tests in 0.214s

FAILED (errors=1)

Generating XML reports...
Wed May 15 00:13:46 UTC 2019 ERROR: ./test_glideFactoryDowntimeLib.py failed with non zero exit code (1)
TESTING ==========> ./test_glideinFrontendPlugins.py

Running tests...
----------------------------------------------------------------------
.....
----------------------------------------------------------------------
Ran 5 tests in 0.120s

OK

Generating XML reports...
TESTING ==========> ./test_lib_encodingSupport.py

Running tests...
----------------------------------------------------------------------
....
----------------------------------------------------------------------
Ran 4 tests in 3.220s

OK

Generating XML reports...
TESTING ==========> ./test_lib_exprParser.py

Running tests...
----------------------------------------------------------------------
...
----------------------------------------------------------------------
Ran 3 tests in 0.325s

OK

Generating XML reports...
TESTING ==========> ./test_lib_fork.py

Running tests...
----------------------------------------------------------------------
.............
----------------------------------------------------------------------
Ran 13 tests in 72.174s

OK

Generating XML reports...
TESTING ==========> ./test_lib_pubCrypto.py

Running tests...
----------------------------------------------------------------------
....................++++++
.............++++++
.........................++++++
...++++++
.........................++++++
......++++++
.
----------------------------------------------------------------------
Ran 3 tests in 0.092s

OK

Generating XML reports...
TESTING ==========> ./test_lib_servicePerformance.py

Running tests...
----------------------------------------------------------------------
..........
----------------------------------------------------------------------
Ran 10 tests in 0.011s

OK

Generating XML reports...
TESTING ==========> ./test_lib_symCrypto.py

Running tests...
----------------------------------------------------------------------
.......S........
----------------------------------------------------------------------
Ran 16 tests in 8.498s

OK (skipped=1)

Generating XML reports...
TESTING ==========> ./test_lib_timeConversion.py

Running tests...
----------------------------------------------------------------------
................
----------------------------------------------------------------------
Ran 16 tests in 2.484s

OK

Generating XML reports...
TESTING ==========> ./test_lib_x509Support.py

Running tests...
----------------------------------------------------------------------
.
----------------------------------------------------------------------
Ran 1 test in 0.036s

OK

Generating XML reports...
TESTING ==========> ./test_lib_xmlParse.py

Running tests...
----------------------------------------------------------------------
.................
----------------------------------------------------------------------
Ran 17 tests in 0.085s

OK

Generating XML reports...
TESTING ==========> ./test_logSupport.py

Running tests...
----------------------------------------------------------------------
./test_logSupport.py:35: YAMLLoadWarning: calling yaml.load() without Loader=... is deprecated, as the default Loader is unsafe. Please read https://msg.pyyaml.org/load for full details.
  self.config = yaml.load(file(config_file, 'r'))
....
----------------------------------------------------------------------
Ran 4 tests in 600.523s

OK

Generating XML reports...
TESTING ==========> ./test_renew_proxy.py

Running tests...
----------------------------------------------------------------------
...
----------------------------------------------------------------------
Ran 3 tests in 0.004s

OK

Generating XML reports...
TESTING ==========> ./test_tarSupport.py

Running tests...
----------------------------------------------------------------------
..
----------------------------------------------------------------------
Ran 2 tests in 0.088s

OK

Generating XML reports...
TESTING ==========> ./test_util.py

Running tests...
----------------------------------------------------------------------
.
----------------------------------------------------------------------
Ran 1 test in 0.001s

OK

Generating XML reports...
TESTING ==========> ./test_creation_lib_cWDictFile_SHADicts.py

Running tests...
----------------------------------------------------------------------
.........
----------------------------------------------------------------------
Ran 9 tests in 0.017s

OK

Generating XML reports...
TESTING ==========> ./test_creation_lib_cgWParamDict.py

Running tests...
----------------------------------------------------------------------
SSSSSS.......SSSSSSSS
----------------------------------------------------------------------
Ran 21 tests in 3.693s

OK (skipped=14)

Generating XML reports...
TESTING ==========> ./test_frontend_element.py

Running tests...
----------------------------------------------------------------------
..
----------------------------------------------------------------------
Ran 2 tests in 0.151s

OK

Generating XML reports...
